[Thu Dec 16 08:09:36.052007 2021] [core:warn] [pid 25876:tid 716] AH00098: pid file C:/uniServer/UniServerZ/core/apache2/logs/httpd.pid overwritten -- Unclean shutdown of previous Apache run?
[Thu Dec 16 08:09:36.124007 2021] [mpm_winnt:notice] [pid 25876:tid 716] AH00455: Apache/2.4.46 (Win32) PHP/8.0.3 configured -- resuming normal operations
[Thu Dec 16 08:09:36.124007 2021] [mpm_winnt:notice] [pid 25876:tid 716] AH00456: Apache Lounge VC15 Server built: Feb 18 2021 09:53:33
[Thu Dec 16 08:09:36.124007 2021] [core:notice] [pid 25876:tid 716] AH00094: Command line: 'C:\\uniServer\\UniServerZ\\core\\apache2\\bin\\httpd_z.exe -d C:/uniServer/UniServerZ/core/apache2 -f C:\\uniServer\\UniServerZ\\core\\apache2\\conf\\httpd.conf -d C:\\uniServer\\UniServerZ\\core\\apache2'
[Thu Dec 16 08:09:36.133006 2021] [mpm_winnt:notice] [pid 25876:tid 716] AH00418: Parent: Created child process 8312
[Thu Dec 16 08:09:37.933962 2021] [mpm_winnt:notice] [pid 8312:tid 696] AH00354: Child: Starting 150 worker threads.
[Thu Dec 16 08:11:00.447513 2021] [core:warn] [pid 13676:tid 704] AH00098: pid file C:/UniServerZ/core/apache2/logs/httpd.pid overwritten -- Unclean shutdown of previous Apache run?
[Thu Dec 16 08:11:00.471548 2021] [mpm_winnt:notice] [pid 13676:tid 704] AH00455: Apache/2.4.46 (Win32) PHP/8.0.3 configured -- resuming normal operations
[Thu Dec 16 08:11:00.471548 2021] [mpm_winnt:notice] [pid 13676:tid 704] AH00456: Apache Lounge VC15 Server built: Feb 18 2021 09:53:33
[Thu Dec 16 08:11:00.471548 2021] [core:notice] [pid 13676:tid 704] AH00094: Command line: 'C:\\UniServerZ\\core\\apache2\\bin\\httpd_z.exe -d C:/UniServerZ/core/apache2 -f C:\\UniServerZ\\core\\apache2\\conf\\httpd.conf -d C:\\UniServerZ\\core\\apache2'
[Thu Dec 16 08:11:00.478537 2021] [mpm_winnt:notice] [pid 13676:tid 704] AH00418: Parent: Created child process 24888
[Thu Dec 16 08:11:02.681910 2021] [mpm_winnt:notice] [pid 24888:tid 700] AH00354: Child: Starting 150 worker threads.
[Fri Dec 17 06:40:45.215796 2021] [core:warn] [pid 11104:tid 688] AH00098: pid file C:/UniServerZ/schule/core/apache2/logs/httpd.pid overwritten -- Unclean shutdown of previous Apache run?
[Fri Dec 17 06:40:45.365422 2021] [mpm_winnt:notice] [pid 11104:tid 688] AH00455: Apache/2.4.46 (Win32) PHP/8.0.3 configured -- resuming normal operations
[Fri Dec 17 06:40:45.365422 2021] [mpm_winnt:notice] [pid 11104:tid 688] AH00456: Apache Lounge VC15 Server built: Feb 18 2021 09:53:33
[Fri Dec 17 06:40:45.365422 2021] [core:notice] [pid 11104:tid 688] AH00094: Command line: 'C:\\UniServerZ\\schule\\core\\apache2\\bin\\httpd_z.exe -d C:/UniServerZ/schule/core/apache2 -f C:\\UniServerZ\\schule\\core\\apache2\\conf\\httpd.conf -d C:\\UniServerZ\\schule\\core\\apache2'
[Fri Dec 17 06:40:45.370382 2021] [mpm_winnt:notice] [pid 11104:tid 688] AH00418: Parent: Created child process 9564
[Fri Dec 17 06:40:46.179954 2021] [mpm_winnt:notice] [pid 9564:tid 620] AH00354: Child: Starting 150 worker threads.
[Fri Dec 17 09:35:11.371439 2021] [php:error] [pid 9564:tid 1880] [client ::1:55648] script 'C:/UniServerZ/schule/www/MainPage/postToDB.php' not found or unable to stat, referer: http://localhost/MainPage/
[Fri Dec 17 14:46:52.166719 2021] [mpm_winnt:notice] [pid 11104:tid 688] AH00428: Parent: child process 9564 exited with status 1073807364 -- Restarting.
[Fri Dec 17 14:46:52.295376 2021] [mpm_winnt:notice] [pid 11104:tid 688] AH00455: Apache/2.4.46 (Win32) PHP/8.0.3 configured -- resuming normal operations
[Fri Dec 17 14:46:52.295376 2021] [mpm_winnt:notice] [pid 11104:tid 688] AH00456: Apache Lounge VC15 Server built: Feb 18 2021 09:53:33
[Fri Dec 17 14:46:52.295376 2021] [core:notice] [pid 11104:tid 688] AH00094: Command line: 'C:\\UniServerZ\\schule\\core\\apache2\\bin\\httpd_z.exe -d C:/UniServerZ/schule/core/apache2 -f C:\\UniServerZ\\schule\\core\\apache2\\conf\\httpd.conf -d C:\\UniServerZ\\schule\\core\\apache2'
[Fri Dec 17 14:46:52.338261 2021] [mpm_winnt:notice] [pid 11104:tid 688] AH00418: Parent: Created child process 4916
[Fri Dec 17 14:46:52.368181 2021] [mpm_winnt:crit] [pid 11104:tid 688] AH00419: master_main: create child process failed. Exiting.
[Mon Dec 20 19:51:36.905403 2021] [mpm_winnt:notice] [pid 16296:tid 640] AH00455: Apache/2.4.46 (Win32) PHP/8.0.3 configured -- resuming normal operations
[Mon Dec 20 19:51:36.906400 2021] [mpm_winnt:notice] [pid 16296:tid 640] AH00456: Apache Lounge VC15 Server built: Feb 18 2021 09:53:33
[Mon Dec 20 19:51:36.906400 2021] [core:notice] [pid 16296:tid 640] AH00094: Command line: 'C:\\UniServerZ\\schule\\core\\apache2\\bin\\httpd_z.exe -d C:/UniServerZ/schule/core/apache2 -f C:\\UniServerZ\\schule\\core\\apache2\\conf\\httpd.conf -d C:\\UniServerZ\\schule\\core\\apache2'
[Mon Dec 20 19:51:36.908395 2021] [mpm_winnt:notice] [pid 16296:tid 640] AH00418: Parent: Created child process 10876
[Mon Dec 20 19:51:37.711249 2021] [mpm_winnt:notice] [pid 10876:tid 668] AH00354: Child: Starting 150 worker threads.
[Mon Dec 20 20:24:30.899112 2021] [core:warn] [pid 12248:tid 664] AH00098: pid file C:/UniServerZ/schule/core/apache2/logs/httpd.pid overwritten -- Unclean shutdown of previous Apache run?
[Mon Dec 20 20:24:31.025799 2021] [mpm_winnt:notice] [pid 12248:tid 664] AH00455: Apache/2.4.46 (Win32) PHP/8.0.3 configured -- resuming normal operations
[Mon Dec 20 20:24:31.026795 2021] [mpm_winnt:notice] [pid 12248:tid 664] AH00456: Apache Lounge VC15 Server built: Feb 18 2021 09:53:33
[Mon Dec 20 20:24:31.026795 2021] [core:notice] [pid 12248:tid 664] AH00094: Command line: 'C:\\UniServerZ\\schule\\core\\apache2\\bin\\httpd_z.exe -d C:/UniServerZ/schule/core/apache2 -f C:\\UniServerZ\\schule\\core\\apache2\\conf\\httpd.conf -d C:\\UniServerZ\\schule\\core\\apache2'
[Mon Dec 20 20:24:31.028766 2021] [mpm_winnt:notice] [pid 12248:tid 664] AH00418: Parent: Created child process 9664
[Mon Dec 20 20:24:32.014729 2021] [mpm_winnt:notice] [pid 9664:tid 672] AH00354: Child: Starting 150 worker threads.
[Wed Dec 22 08:11:26.417634 2021] [core:warn] [pid 11388:tid 560] AH00098: pid file C:/UniServerZ/schule/core/apache2/logs/httpd.pid overwritten -- Unclean shutdown of previous Apache run?
[Wed Dec 22 08:11:26.573651 2021] [mpm_winnt:notice] [pid 11388:tid 560] AH00455: Apache/2.4.46 (Win32) PHP/8.0.3 configured -- resuming normal operations
[Wed Dec 22 08:11:26.573651 2021] [mpm_winnt:notice] [pid 11388:tid 560] AH00456: Apache Lounge VC15 Server built: Feb 18 2021 09:53:33
[Wed Dec 22 08:11:26.573651 2021] [core:notice] [pid 11388:tid 560] AH00094: Command line: 'C:\\UniServerZ\\schule\\core\\apache2\\bin\\httpd_z.exe -d C:/UniServerZ/schule/core/apache2 -f C:\\UniServerZ\\schule\\core\\apache2\\conf\\httpd.conf -d C:\\UniServerZ\\schule\\core\\apache2'
[Wed Dec 22 08:11:26.575645 2021] [mpm_winnt:notice] [pid 11388:tid 560] AH00418: Parent: Created child process 948
[Wed Dec 22 08:11:27.503513 2021] [mpm_winnt:notice] [pid 948:tid 644] AH00354: Child: Starting 150 worker threads.
[Wed Dec 22 09:15:59.269368 2021] [php:warn] [pid 948:tid 1836] [client ::1:61610] PHP Warning:  mysqli::__construct(): (HY000/1049): Unknown database 'schulrojekt' in C:\\UniServerZ\\schule\\www\\MainPage\\addTeilnehmer.php on line 4, referer: http://localhost/MainPage/
[Wed Dec 22 09:27:47.256710 2021] [php:warn] [pid 948:tid 1804] [client ::1:58513] PHP Warning:  Undefined array key "Geschlecht" in C:\\UniServerZ\\schule\\www\\MainPage\\addTeilnehmer.php on line 12, referer: http://localhost/MainPage/
[Wed Dec 22 09:27:47.256710 2021] [php:warn] [pid 948:tid 1804] [client ::1:58513] PHP Warning:  Undefined array key "Startnummer" in C:\\UniServerZ\\schule\\www\\MainPage\\addTeilnehmer.php on line 12, referer: http://localhost/MainPage/
[Wed Dec 22 09:27:47.256710 2021] [php:warn] [pid 948:tid 1804] [client ::1:58513] PHP Warning:  Undefined array key "Zeit" in C:\\UniServerZ\\schule\\www\\MainPage\\addTeilnehmer.php on line 12, referer: http://localhost/MainPage/
[Wed Dec 22 09:27:47.256710 2021] [php:warn] [pid 948:tid 1804] [client ::1:58513] PHP Warning:  Undefined array key "Strecke" in C:\\UniServerZ\\schule\\www\\MainPage\\addTeilnehmer.php on line 12, referer: http://localhost/MainPage/
[Wed Dec 22 09:27:47.256710 2021] [php:warn] [pid 948:tid 1804] [client ::1:58513] PHP Warning:  Undefined array key "Age" in C:\\UniServerZ\\schule\\www\\MainPage\\addTeilnehmer.php on line 12, referer: http://localhost/MainPage/
[Wed Dec 22 09:27:47.256710 2021] [php:warn] [pid 948:tid 1804] [client ::1:58513] PHP Warning:  Undefined variable $conn in C:\\UniServerZ\\schule\\www\\MainPage\\addTeilnehmer.php on line 14, referer: http://localhost/MainPage/
[Wed Dec 22 09:27:47.256710 2021] [php:error] [pid 948:tid 1804] [client ::1:58513] PHP Fatal error:  Uncaught Error: Call to a member function query() on null in C:\\UniServerZ\\schule\\www\\MainPage\\addTeilnehmer.php:14\nStack trace:\n#0 {main}\n  thrown in C:\\UniServerZ\\schule\\www\\MainPage\\addTeilnehmer.php on line 14, referer: http://localhost/MainPage/
[Wed Dec 22 09:32:45.053227 2021] [php:warn] [pid 948:tid 1836] [client ::1:62071] PHP Warning:  Undefined array key "Startnummer" in C:\\UniServerZ\\schule\\www\\MainPage\\addTeilnehmer.php on line 15, referer: http://localhost/MainPage/
[Wed Dec 22 09:32:45.053227 2021] [php:warn] [pid 948:tid 1836] [client ::1:62071] PHP Warning:  Undefined array key "Zeit" in C:\\UniServerZ\\schule\\www\\MainPage\\addTeilnehmer.php on line 16, referer: http://localhost/MainPage/
[Wed Dec 22 09:32:45.053227 2021] [php:warn] [pid 948:tid 1836] [client ::1:62071] PHP Warning:  Undefined array key "Startnummer" in C:\\UniServerZ\\schule\\www\\MainPage\\addTeilnehmer.php on line 25, referer: http://localhost/MainPage/
[Wed Dec 22 09:32:45.053227 2021] [php:warn] [pid 948:tid 1836] [client ::1:62071] PHP Warning:  Undefined array key "Zeit" in C:\\UniServerZ\\schule\\www\\MainPage\\addTeilnehmer.php on line 25, referer: http://localhost/MainPage/
[Wed Dec 22 09:34:46.039682 2021] [php:warn] [pid 948:tid 1804] [client ::1:54318] PHP Warning:  Undefined array key "Startnummer" in C:\\UniServerZ\\schule\\www\\MainPage\\addTeilnehmer.php on line 15, referer: http://localhost/MainPage/
[Wed Dec 22 09:34:46.040648 2021] [php:warn] [pid 948:tid 1804] [client ::1:54318] PHP Warning:  Undefined array key "Zeit" in C:\\UniServerZ\\schule\\www\\MainPage\\addTeilnehmer.php on line 16, referer: http://localhost/MainPage/
[Wed Dec 22 09:34:46.040648 2021] [php:warn] [pid 948:tid 1804] [client ::1:54318] PHP Warning:  Undefined array key "Startnummer" in C:\\UniServerZ\\schule\\www\\MainPage\\addTeilnehmer.php on line 25, referer: http://localhost/MainPage/
[Wed Dec 22 09:34:46.040648 2021] [php:warn] [pid 948:tid 1804] [client ::1:54318] PHP Warning:  Undefined array key "Zeit" in C:\\UniServerZ\\schule\\www\\MainPage\\addTeilnehmer.php on line 25, referer: http://localhost/MainPage/
[Wed Dec 22 09:36:01.277326 2021] [php:warn] [pid 948:tid 1836] [client ::1:65304] PHP Warning:  Undefined array key "Startnummer" in C:\\UniServerZ\\schule\\www\\MainPage\\addTeilnehmer.php on line 15, referer: http://localhost/MainPage/
[Wed Dec 22 09:36:01.277326 2021] [php:warn] [pid 948:tid 1836] [client ::1:65304] PHP Warning:  Undefined array key "Zeit" in C:\\UniServerZ\\schule\\www\\MainPage\\addTeilnehmer.php on line 16, referer: http://localhost/MainPage/
[Wed Dec 22 09:36:01.277326 2021] [php:warn] [pid 948:tid 1836] [client ::1:65304] PHP Warning:  Undefined array key "Startnummer" in C:\\UniServerZ\\schule\\www\\MainPage\\addTeilnehmer.php on line 25, referer: http://localhost/MainPage/
[Wed Dec 22 09:36:01.277326 2021] [php:warn] [pid 948:tid 1836] [client ::1:65304] PHP Warning:  Undefined array key "Zeit" in C:\\UniServerZ\\schule\\www\\MainPage\\addTeilnehmer.php on line 25, referer: http://localhost/MainPage/
[Wed Dec 22 09:36:37.863378 2021] [php:warn] [pid 948:tid 1836] [client ::1:50713] PHP Warning:  Undefined array key "Zeit" in C:\\UniServerZ\\schule\\www\\MainPage\\addTeilnehmer.php on line 16, referer: http://localhost/MainPage/
[Wed Dec 22 09:36:37.864381 2021] [php:warn] [pid 948:tid 1836] [client ::1:50713] PHP Warning:  Undefined array key "Zeit" in C:\\UniServerZ\\schule\\www\\MainPage\\addTeilnehmer.php on line 25, referer: http://localhost/MainPage/
[Wed Dec 22 10:09:16.053905 2021] [php:warn] [pid 948:tid 1836] [client ::1:53256] PHP Warning:  Undefined array key "Zeit" in C:\\UniServerZ\\schule\\www\\MainPage\\addTeilnehmer.php on line 16, referer: http://localhost/MainPage/
[Wed Dec 22 10:42:26.791006 2021] [php:warn] [pid 948:tid 1836] [client ::1:61407] PHP Warning:  Undefined array key "Zeit" in C:\\UniServerZ\\schule\\www\\MainPage\\addTeilnehmer.php on line 16, referer: http://localhost/MainPage/
[Wed Dec 22 10:43:39.854463 2021] [php:warn] [pid 948:tid 1812] [client ::1:52282] PHP Warning:  Undefined array key "Zeit" in C:\\UniServerZ\\schule\\www\\MainPage\\addTeilnehmer.php on line 16, referer: http://localhost/MainPage/
[Wed Dec 22 10:43:40.821745 2021] [php:warn] [pid 948:tid 1836] [client ::1:52287] PHP Warning:  Undefined array key "Zeit" in C:\\UniServerZ\\schule\\www\\MainPage\\addTeilnehmer.php on line 16, referer: http://localhost/MainPage/
[Wed Dec 22 10:46:16.656505 2021] [php:warn] [pid 948:tid 1804] [client ::1:49602] PHP Warning:  Undefined array key "Zeit" in C:\\UniServerZ\\schule\\www\\MainPage\\addTeilnehmer.php on line 16, referer: http://localhost/MainPage/
[Wed Dec 22 10:47:33.627437 2021] [php:warn] [pid 948:tid 1804] [client ::1:64579] PHP Warning:  Undefined array key "Zeit" in C:\\UniServerZ\\schule\\www\\MainPage\\addTeilnehmer.php on line 16, referer: http://localhost/MainPage/
[Thu Dec 23 09:41:18.039646 2021] [core:warn] [pid 21016:tid 604] AH00098: pid file C:/UniServerZ/schule/core/apache2/logs/httpd.pid overwritten -- Unclean shutdown of previous Apache run?
[Thu Dec 23 09:41:18.196468 2021] [mpm_winnt:notice] [pid 21016:tid 604] AH00455: Apache/2.4.46 (Win32) PHP/8.0.3 configured -- resuming normal operations
[Thu Dec 23 09:41:18.196468 2021] [mpm_winnt:notice] [pid 21016:tid 604] AH00456: Apache Lounge VC15 Server built: Feb 18 2021 09:53:33
[Thu Dec 23 09:41:18.196468 2021] [core:notice] [pid 21016:tid 604] AH00094: Command line: 'C:\\UniServerZ\\schule\\core\\apache2\\bin\\httpd_z.exe -d C:/UniServerZ/schule/core/apache2 -f C:\\UniServerZ\\schule\\core\\apache2\\conf\\httpd.conf -d C:\\UniServerZ\\schule\\core\\apache2'
[Thu Dec 23 09:41:18.199460 2021] [mpm_winnt:notice] [pid 21016:tid 604] AH00418: Parent: Created child process 8948
[Thu Dec 23 09:41:19.053664 2021] [mpm_winnt:notice] [pid 8948:tid 808] AH00354: Child: Starting 150 worker threads.
[Mon Jan 17 07:10:09.952581 2022] [core:warn] [pid 21080:tid 432] AH00098: pid file C:/UniServerZ/core/apache2/logs/httpd.pid overwritten -- Unclean shutdown of previous Apache run?
[Mon Jan 17 07:10:10.222317 2022] [mpm_winnt:notice] [pid 21080:tid 432] AH00455: Apache/2.4.46 (Win32) PHP/8.0.3 configured -- resuming normal operations
[Mon Jan 17 07:10:10.222317 2022] [mpm_winnt:notice] [pid 21080:tid 432] AH00456: Apache Lounge VC15 Server built: Feb 18 2021 09:53:33
[Mon Jan 17 07:10:10.222317 2022] [core:notice] [pid 21080:tid 432] AH00094: Command line: 'C:\\UniServerZ\\core\\apache2\\bin\\httpd_z.exe -d C:/UniServerZ/core/apache2 -f C:\\UniServerZ\\core\\apache2\\conf\\httpd.conf -d C:\\UniServerZ\\core\\apache2'
[Mon Jan 17 07:10:10.227318 2022] [mpm_winnt:notice] [pid 21080:tid 432] AH00418: Parent: Created child process 1432
[Mon Jan 17 07:10:12.107081 2022] [mpm_winnt:notice] [pid 1432:tid 568] AH00354: Child: Starting 150 worker threads.
[Mon Jan 17 07:11:32.595233 2022] [core:warn] [pid 22440:tid 484] AH00098: pid file C:/UniServerZ/core/apache2/logs/httpd.pid overwritten -- Unclean shutdown of previous Apache run?
[Mon Jan 17 07:11:32.611201 2022] [mpm_winnt:notice] [pid 22440:tid 484] AH00455: Apache/2.4.46 (Win32) PHP/8.0.3 configured -- resuming normal operations
[Mon Jan 17 07:11:32.611201 2022] [mpm_winnt:notice] [pid 22440:tid 484] AH00456: Apache Lounge VC15 Server built: Feb 18 2021 09:53:33
[Mon Jan 17 07:11:32.611201 2022] [core:notice] [pid 22440:tid 484] AH00094: Command line: 'C:\\UniServerZ\\core\\apache2\\bin\\httpd_z.exe -d C:/UniServerZ/core/apache2 -f C:\\UniServerZ\\core\\apache2\\conf\\httpd.conf -d C:\\UniServerZ\\core\\apache2'
[Mon Jan 17 07:11:32.614168 2022] [mpm_winnt:notice] [pid 22440:tid 484] AH00418: Parent: Created child process 30768
[Mon Jan 17 07:11:34.182839 2022] [mpm_winnt:notice] [pid 30768:tid 656] AH00354: Child: Starting 150 worker threads.
[Mon Jan 17 07:15:57.014505 2022] [core:warn] [pid 25068:tid 484] AH00098: pid file C:/UniServerZ/core/apache2/logs/httpd.pid overwritten -- Unclean shutdown of previous Apache run?
[Mon Jan 17 07:15:57.030553 2022] [mpm_winnt:notice] [pid 25068:tid 484] AH00455: Apache/2.4.46 (Win32) PHP/8.0.3 configured -- resuming normal operations
[Mon Jan 17 07:15:57.030553 2022] [mpm_winnt:notice] [pid 25068:tid 484] AH00456: Apache Lounge VC15 Server built: Feb 18 2021 09:53:33
[Mon Jan 17 07:15:57.030553 2022] [core:notice] [pid 25068:tid 484] AH00094: Command line: 'C:\\UniServerZ\\core\\apache2\\bin\\httpd_z.exe -d C:/UniServerZ/core/apache2 -f C:\\UniServerZ\\core\\apache2\\conf\\httpd.conf -d C:\\UniServerZ\\core\\apache2'
[Mon Jan 17 07:15:57.033517 2022] [mpm_winnt:notice] [pid 25068:tid 484] AH00418: Parent: Created child process 31320
[Mon Jan 17 07:15:58.477664 2022] [mpm_winnt:notice] [pid 31320:tid 864] AH00354: Child: Starting 150 worker threads.
[Mon Jan 17 07:16:09.895608 2022] [php:warn] [pid 31320:tid 1848] [client ::1:49599] PHP Warning:  mysqli::__construct(): (HY000/2002): Es konnte keine Verbindung hergestellt werden, da der Zielcomputer die Verbindung verweigerte in C:\\UniServerZ\\www\\MainPage\\index.php on line 167, referer: http://localhost/index.php
