2021-12-16T07:09:24.895429Z 0 [System] [MY-010116] [Server] C:\uniServer\UniServerZ\core\mysql\bin\mysqld_z.exe (mysqld 8.0.23) starting as process 20548
2021-12-16T07:09:24.897682Z 0 [Warning] [MY-013242] [Server] --character-set-server: 'utf8' is currently an alias for the character set UTF8MB3, but will be an alias for UTF8MB4 in a future release. Please consider using UTF8MB4 in order to be unambiguous.
2021-12-16T07:09:24.932497Z 1 [System] [MY-013576] [InnoDB] InnoDB initialization has started.
2021-12-16T07:09:26.282363Z 1 [System] [MY-013577] [InnoDB] InnoDB initialization has ended.
2021-12-16T07:09:26.649555Z 0 [System] [MY-011323] [Server] X Plugin ready for connections. Bind-address: '::' port: 33060
2021-12-16T07:09:26.807477Z 0 [Warning] [MY-010075] [Server] No existing UUID has been found, so we assume that this is the first time that this server has been started. Generating a new UUID: 1ad9c50a-5e3f-11ec-bbe5-98fa9b500c71.
2021-12-16T07:09:26.834377Z 0 [ERROR] [MY-011947] [InnoDB] Cannot open 'C:\uniServer\UniServerZ\core\mysql\data\ib_buffer_pool' for reading: No such file or directory
2021-12-16T07:09:27.262008Z 0 [Warning] [MY-010068] [Server] CA certificate ca.pem is self signed.
2021-12-16T07:09:27.263097Z 0 [System] [MY-013602] [Server] Channel mysql_main configured to support TLS. Encrypted connections are now supported for this channel.
2021-12-16T07:09:27.400181Z 0 [System] [MY-010931] [Server] C:\uniServer\UniServerZ\core\mysql\bin\mysqld_z.exe: ready for connections. Version: '8.0.23'  socket: ''  port: 3306  MySQL Community Server - GPL.
2021-12-16T07:09:44.864025Z 0 [System] [MY-010116] [Server] C:\uniServer\UniServerZ\core\mysql\bin\mysqld_z.exe (mysqld 8.0.23) starting as process 22888
2021-12-16T07:09:44.865867Z 0 [Warning] [MY-013242] [Server] --character-set-server: 'utf8' is currently an alias for the character set UTF8MB3, but will be an alias for UTF8MB4 in a future release. Please consider using UTF8MB4 in order to be unambiguous.
2021-12-16T07:09:44.897845Z 1 [System] [MY-013576] [InnoDB] InnoDB initialization has started.
2021-12-16T07:09:45.867852Z 1 [System] [MY-013577] [InnoDB] InnoDB initialization has ended.
2021-12-16T07:09:46.206440Z 0 [System] [MY-011323] [Server] X Plugin ready for connections. Bind-address: '::' port: 33060
2021-12-16T07:09:46.306883Z 0 [System] [MY-010229] [Server] Starting XA crash recovery...
2021-12-16T07:09:46.313598Z 0 [System] [MY-010232] [Server] XA crash recovery finished.
2021-12-16T07:09:46.325584Z 0 [ERROR] [MY-011947] [InnoDB] Cannot open 'C:\uniServer\UniServerZ\core\mysql\data\ib_buffer_pool' for reading: No such file or directory
2021-12-16T07:09:46.359337Z 0 [Warning] [MY-010068] [Server] CA certificate ca.pem is self signed.
2021-12-16T07:09:46.360158Z 0 [System] [MY-013602] [Server] Channel mysql_main configured to support TLS. Encrypted connections are now supported for this channel.
2021-12-16T07:09:46.431810Z 0 [System] [MY-010931] [Server] C:\uniServer\UniServerZ\core\mysql\bin\mysqld_z.exe: ready for connections. Version: '8.0.23'  socket: ''  port: 3306  MySQL Community Server - GPL.
2021-12-16T07:10:33.311445Z 8 [System] [MY-013172] [Server] Received SHUTDOWN from user root. Shutting down mysqld (Version: 8.0.23).
2021-12-16T07:10:33.313143Z 0 [System] [MY-013105] [Server] C:\uniServer\UniServerZ\core\mysql\bin\mysqld_z.exe: Normal shutdown.
2021-12-16T07:10:33.603944Z 0 [System] [MY-010910] [Server] C:\uniServer\UniServerZ\core\mysql\bin\mysqld_z.exe: Shutdown complete (mysqld 8.0.23)  MySQL Community Server - GPL.
2021-12-16T07:10:50.493154Z 0 [System] [MY-010116] [Server] C:\UniServerZ\core\mysql\bin\mysqld_z.exe (mysqld 8.0.23) starting as process 15840
2021-12-16T07:10:50.494795Z 0 [Warning] [MY-013242] [Server] --character-set-server: 'utf8' is currently an alias for the character set UTF8MB3, but will be an alias for UTF8MB4 in a future release. Please consider using UTF8MB4 in order to be unambiguous.
2021-12-16T07:10:50.515552Z 1 [System] [MY-013576] [InnoDB] InnoDB initialization has started.
2021-12-16T07:10:51.141976Z 1 [System] [MY-013577] [InnoDB] InnoDB initialization has ended.
2021-12-16T07:10:51.424645Z 0 [System] [MY-011323] [Server] X Plugin ready for connections. Bind-address: '::' port: 33060
2021-12-16T07:10:51.641770Z 0 [Warning] [MY-010068] [Server] CA certificate ca.pem is self signed.
2021-12-16T07:10:51.642904Z 0 [System] [MY-013602] [Server] Channel mysql_main configured to support TLS. Encrypted connections are now supported for this channel.
2021-12-16T07:10:51.782412Z 0 [System] [MY-010931] [Server] C:\UniServerZ\core\mysql\bin\mysqld_z.exe: ready for connections. Version: '8.0.23'  socket: ''  port: 3306  MySQL Community Server - GPL.
2021-12-16T07:11:00.899311Z 0 [System] [MY-010116] [Server] C:\UniServerZ\core\mysql\bin\mysqld_z.exe (mysqld 8.0.23) starting as process 188
2021-12-16T07:11:00.901685Z 0 [Warning] [MY-013242] [Server] --character-set-server: 'utf8' is currently an alias for the character set UTF8MB3, but will be an alias for UTF8MB4 in a future release. Please consider using UTF8MB4 in order to be unambiguous.
2021-12-16T07:11:00.948985Z 1 [System] [MY-013576] [InnoDB] InnoDB initialization has started.
2021-12-16T07:11:02.142060Z 1 [System] [MY-013577] [InnoDB] InnoDB initialization has ended.
2021-12-16T07:11:02.784658Z 0 [System] [MY-011323] [Server] X Plugin ready for connections. Bind-address: '::' port: 33060
2021-12-16T07:11:02.925855Z 0 [System] [MY-010229] [Server] Starting XA crash recovery...
2021-12-16T07:11:02.933087Z 0 [System] [MY-010232] [Server] XA crash recovery finished.
2021-12-16T07:11:02.989936Z 0 [Warning] [MY-010068] [Server] CA certificate ca.pem is self signed.
2021-12-16T07:11:02.990954Z 0 [System] [MY-013602] [Server] Channel mysql_main configured to support TLS. Encrypted connections are now supported for this channel.
2021-12-16T07:11:03.084520Z 0 [System] [MY-010931] [Server] C:\UniServerZ\core\mysql\bin\mysqld_z.exe: ready for connections. Version: '8.0.23'  socket: ''  port: 3306  MySQL Community Server - GPL.
2021-12-16T07:11:04.295803Z 8 [System] [MY-013172] [Server] Received SHUTDOWN from user root. Shutting down mysqld (Version: 8.0.23).
2021-12-16T07:11:04.297230Z 0 [System] [MY-013105] [Server] C:\UniServerZ\core\mysql\bin\mysqld_z.exe: Normal shutdown.
2021-12-16T07:11:04.908836Z 0 [System] [MY-010910] [Server] C:\UniServerZ\core\mysql\bin\mysqld_z.exe: Shutdown complete (mysqld 8.0.23)  MySQL Community Server - GPL.
2021-12-16T07:11:06.142362Z 0 [System] [MY-010116] [Server] C:\UniServerZ\core\mysql\bin\mysqld_z.exe (mysqld 8.0.23) starting as process 15708
2021-12-16T07:11:06.144311Z 0 [Warning] [MY-013242] [Server] --character-set-server: 'utf8' is currently an alias for the character set UTF8MB3, but will be an alias for UTF8MB4 in a future release. Please consider using UTF8MB4 in order to be unambiguous.
2021-12-16T07:11:06.167390Z 1 [System] [MY-013576] [InnoDB] InnoDB initialization has started.
2021-12-16T07:11:06.775013Z 1 [System] [MY-013577] [InnoDB] InnoDB initialization has ended.
2021-12-16T07:11:07.097154Z 0 [System] [MY-011323] [Server] X Plugin ready for connections. Bind-address: '::' port: 33060
2021-12-16T07:11:07.333444Z 0 [Warning] [MY-010068] [Server] CA certificate ca.pem is self signed.
2021-12-16T07:11:07.335614Z 0 [System] [MY-013602] [Server] Channel mysql_main configured to support TLS. Encrypted connections are now supported for this channel.
2021-12-17T05:40:30.431956Z 0 [System] [MY-010116] [Server] C:\UniServerZ\schule\core\mysql\bin\mysqld_z.exe (mysqld 8.0.23) starting as process 5360
2021-12-17T05:40:30.441917Z 0 [Warning] [MY-013242] [Server] --character-set-server: 'utf8' is currently an alias for the character set UTF8MB3, but will be an alias for UTF8MB4 in a future release. Please consider using UTF8MB4 in order to be unambiguous.
2021-12-17T05:40:30.488010Z 1 [System] [MY-013576] [InnoDB] InnoDB initialization has started.
2021-12-17T05:40:31.180651Z 1 [System] [MY-013577] [InnoDB] InnoDB initialization has ended.
2021-12-17T05:40:31.408162Z 0 [System] [MY-011323] [Server] X Plugin ready for connections. Bind-address: '::' port: 33060
2021-12-17T05:40:31.513342Z 0 [System] [MY-010229] [Server] Starting XA crash recovery...
2021-12-17T05:40:31.518435Z 0 [System] [MY-010232] [Server] XA crash recovery finished.
2021-12-17T05:40:31.571527Z 0 [Warning] [MY-010068] [Server] CA certificate ca.pem is self signed.
2021-12-17T05:40:31.572419Z 0 [System] [MY-013602] [Server] Channel mysql_main configured to support TLS. Encrypted connections are now supported for this channel.
2021-12-17T05:40:31.628622Z 0 [System] [MY-010931] [Server] C:\UniServerZ\schule\core\mysql\bin\mysqld_z.exe: ready for connections. Version: '8.0.23'  socket: ''  port: 3306  MySQL Community Server - GPL.
2021-12-17T05:40:46.177205Z 0 [System] [MY-010116] [Server] C:\UniServerZ\schule\core\mysql\bin\mysqld_z.exe (mysqld 8.0.23) starting as process 9748
2021-12-17T05:40:46.179750Z 0 [Warning] [MY-013242] [Server] --character-set-server: 'utf8' is currently an alias for the character set UTF8MB3, but will be an alias for UTF8MB4 in a future release. Please consider using UTF8MB4 in order to be unambiguous.
2021-12-17T05:40:46.209497Z 1 [System] [MY-013576] [InnoDB] InnoDB initialization has started.
2021-12-17T05:40:47.344752Z 1 [System] [MY-013577] [InnoDB] InnoDB initialization has ended.
2021-12-17T05:40:47.590222Z 0 [System] [MY-011323] [Server] X Plugin ready for connections. Bind-address: '::' port: 33060
2021-12-17T05:40:47.673597Z 0 [System] [MY-010229] [Server] Starting XA crash recovery...
2021-12-17T05:40:47.678887Z 0 [System] [MY-010232] [Server] XA crash recovery finished.
2021-12-17T05:40:47.719219Z 0 [Warning] [MY-010068] [Server] CA certificate ca.pem is self signed.
2021-12-17T05:40:47.720139Z 0 [System] [MY-013602] [Server] Channel mysql_main configured to support TLS. Encrypted connections are now supported for this channel.
2021-12-17T05:40:47.767521Z 0 [System] [MY-010931] [Server] C:\UniServerZ\schule\core\mysql\bin\mysqld_z.exe: ready for connections. Version: '8.0.23'  socket: ''  port: 3306  MySQL Community Server - GPL.
2021-12-20T18:50:48.288784Z 0 [System] [MY-010116] [Server] C:\UniServerZ\schule\core\mysql\bin\mysqld_z.exe (mysqld 8.0.23) starting as process 3304
2021-12-20T18:50:48.309324Z 0 [Warning] [MY-013242] [Server] --character-set-server: 'utf8' is currently an alias for the character set UTF8MB3, but will be an alias for UTF8MB4 in a future release. Please consider using UTF8MB4 in order to be unambiguous.
2021-12-20T18:50:48.380866Z 1 [System] [MY-013576] [InnoDB] InnoDB initialization has started.
2021-12-20T18:50:49.227448Z 1 [System] [MY-013577] [InnoDB] InnoDB initialization has ended.
2021-12-20T18:50:49.501940Z 0 [System] [MY-011323] [Server] X Plugin ready for connections. Bind-address: '::' port: 33060
2021-12-20T18:50:49.617140Z 0 [System] [MY-010229] [Server] Starting XA crash recovery...
2021-12-20T18:50:49.622096Z 0 [System] [MY-010232] [Server] XA crash recovery finished.
2021-12-20T18:50:49.687384Z 0 [Warning] [MY-010068] [Server] CA certificate ca.pem is self signed.
2021-12-20T18:50:49.688502Z 0 [System] [MY-013602] [Server] Channel mysql_main configured to support TLS. Encrypted connections are now supported for this channel.
2021-12-20T18:50:49.793811Z 0 [System] [MY-010931] [Server] C:\UniServerZ\schule\core\mysql\bin\mysqld_z.exe: ready for connections. Version: '8.0.23'  socket: ''  port: 3306  MySQL Community Server - GPL.
2021-12-20T18:51:36.649197Z 0 [System] [MY-010116] [Server] C:\UniServerZ\schule\core\mysql\bin\mysqld_z.exe (mysqld 8.0.23) starting as process 16132
2021-12-20T18:51:36.650720Z 0 [Warning] [MY-013242] [Server] --character-set-server: 'utf8' is currently an alias for the character set UTF8MB3, but will be an alias for UTF8MB4 in a future release. Please consider using UTF8MB4 in order to be unambiguous.
2021-12-20T18:51:36.669562Z 1 [System] [MY-013576] [InnoDB] InnoDB initialization has started.
2021-12-20T18:51:37.313508Z 1 [System] [MY-013577] [InnoDB] InnoDB initialization has ended.
2021-12-20T18:51:37.519328Z 0 [System] [MY-011323] [Server] X Plugin ready for connections. Bind-address: '::' port: 33060
2021-12-20T18:51:37.599360Z 0 [System] [MY-010229] [Server] Starting XA crash recovery...
2021-12-20T18:51:37.604284Z 0 [System] [MY-010232] [Server] XA crash recovery finished.
2021-12-20T18:51:37.637598Z 0 [Warning] [MY-010068] [Server] CA certificate ca.pem is self signed.
2021-12-20T18:51:37.638561Z 0 [System] [MY-013602] [Server] Channel mysql_main configured to support TLS. Encrypted connections are now supported for this channel.
2021-12-20T18:51:37.697887Z 0 [System] [MY-010931] [Server] C:\UniServerZ\schule\core\mysql\bin\mysqld_z.exe: ready for connections. Version: '8.0.23'  socket: ''  port: 3306  MySQL Community Server - GPL.
2021-12-20T18:51:39.853025Z 8 [System] [MY-013172] [Server] Received SHUTDOWN from user root. Shutting down mysqld (Version: 8.0.23).
2021-12-20T18:51:39.855757Z 0 [System] [MY-013105] [Server] C:\UniServerZ\schule\core\mysql\bin\mysqld_z.exe: Normal shutdown.
2021-12-20T18:51:40.725993Z 0 [System] [MY-010910] [Server] C:\UniServerZ\schule\core\mysql\bin\mysqld_z.exe: Shutdown complete (mysqld 8.0.23)  MySQL Community Server - GPL.
2021-12-20T19:24:13.353149Z 0 [System] [MY-010116] [Server] C:\UniServerZ\schule\core\mysql\bin\mysqld_z.exe (mysqld 8.0.23) starting as process 2816
2021-12-20T19:24:13.363842Z 0 [Warning] [MY-013242] [Server] --character-set-server: 'utf8' is currently an alias for the character set UTF8MB3, but will be an alias for UTF8MB4 in a future release. Please consider using UTF8MB4 in order to be unambiguous.
2021-12-20T19:24:13.397022Z 1 [System] [MY-013576] [InnoDB] InnoDB initialization has started.
2021-12-20T19:24:13.843524Z 1 [System] [MY-013577] [InnoDB] InnoDB initialization has ended.
2021-12-20T19:24:14.041031Z 0 [System] [MY-011323] [Server] X Plugin ready for connections. Bind-address: '::' port: 33060
2021-12-20T19:24:14.168715Z 0 [Warning] [MY-010068] [Server] CA certificate ca.pem is self signed.
2021-12-20T19:24:14.169545Z 0 [System] [MY-013602] [Server] Channel mysql_main configured to support TLS. Encrypted connections are now supported for this channel.
2021-12-20T19:24:14.224265Z 0 [System] [MY-010931] [Server] C:\UniServerZ\schule\core\mysql\bin\mysqld_z.exe: ready for connections. Version: '8.0.23'  socket: ''  port: 3306  MySQL Community Server - GPL.
2021-12-22T07:11:15.709938Z 0 [System] [MY-010116] [Server] C:\UniServerZ\schule\core\mysql\bin\mysqld_z.exe (mysqld 8.0.23) starting as process 2104
2021-12-22T07:11:15.728862Z 0 [Warning] [MY-013242] [Server] --character-set-server: 'utf8' is currently an alias for the character set UTF8MB3, but will be an alias for UTF8MB4 in a future release. Please consider using UTF8MB4 in order to be unambiguous.
2021-12-22T07:11:15.793655Z 1 [System] [MY-013576] [InnoDB] InnoDB initialization has started.
2021-12-22T07:11:16.615250Z 1 [System] [MY-013577] [InnoDB] InnoDB initialization has ended.
2021-12-22T07:11:16.936733Z 0 [System] [MY-011323] [Server] X Plugin ready for connections. Bind-address: '::' port: 33060
2021-12-22T07:11:17.047484Z 0 [System] [MY-010229] [Server] Starting XA crash recovery...
2021-12-22T07:11:17.052611Z 0 [System] [MY-010232] [Server] XA crash recovery finished.
2021-12-22T07:11:17.141450Z 0 [Warning] [MY-010068] [Server] CA certificate ca.pem is self signed.
2021-12-22T07:11:17.143369Z 0 [System] [MY-013602] [Server] Channel mysql_main configured to support TLS. Encrypted connections are now supported for this channel.
2021-12-22T07:11:17.249689Z 0 [System] [MY-010931] [Server] C:\UniServerZ\schule\core\mysql\bin\mysqld_z.exe: ready for connections. Version: '8.0.23'  socket: ''  port: 3306  MySQL Community Server - GPL.
2021-12-22T07:11:32.468700Z 0 [System] [MY-010116] [Server] C:\UniServerZ\schule\core\mysql\bin\mysqld_z.exe (mysqld 8.0.23) starting as process 19256
2021-12-22T07:11:32.470268Z 0 [Warning] [MY-013242] [Server] --character-set-server: 'utf8' is currently an alias for the character set UTF8MB3, but will be an alias for UTF8MB4 in a future release. Please consider using UTF8MB4 in order to be unambiguous.
2021-12-22T07:11:32.488674Z 1 [System] [MY-013576] [InnoDB] InnoDB initialization has started.
2021-12-22T07:11:33.626333Z 1 [System] [MY-013577] [InnoDB] InnoDB initialization has ended.
2021-12-22T07:11:33.829441Z 0 [System] [MY-011323] [Server] X Plugin ready for connections. Bind-address: '::' port: 33060
2021-12-22T07:11:33.907254Z 0 [System] [MY-010229] [Server] Starting XA crash recovery...
2021-12-22T07:11:33.912074Z 0 [System] [MY-010232] [Server] XA crash recovery finished.
2021-12-22T07:11:33.957947Z 0 [Warning] [MY-010068] [Server] CA certificate ca.pem is self signed.
2021-12-22T07:11:33.959640Z 0 [System] [MY-013602] [Server] Channel mysql_main configured to support TLS. Encrypted connections are now supported for this channel.
2021-12-22T07:11:34.018982Z 0 [System] [MY-010931] [Server] C:\UniServerZ\schule\core\mysql\bin\mysqld_z.exe: ready for connections. Version: '8.0.23'  socket: ''  port: 3306  MySQL Community Server - GPL.
2021-12-23T08:41:03.376647Z 0 [System] [MY-010116] [Server] C:\UniServerZ\schule\core\mysql\bin\mysqld_z.exe (mysqld 8.0.23) starting as process 19776
2021-12-23T08:41:03.394546Z 0 [Warning] [MY-013242] [Server] --character-set-server: 'utf8' is currently an alias for the character set UTF8MB3, but will be an alias for UTF8MB4 in a future release. Please consider using UTF8MB4 in order to be unambiguous.
2021-12-23T08:41:03.455352Z 1 [System] [MY-013576] [InnoDB] InnoDB initialization has started.
2021-12-23T08:41:04.296682Z 1 [System] [MY-013577] [InnoDB] InnoDB initialization has ended.
2021-12-23T08:41:04.569085Z 0 [System] [MY-011323] [Server] X Plugin ready for connections. Bind-address: '::' port: 33060
2021-12-23T08:41:04.682140Z 0 [System] [MY-010229] [Server] Starting XA crash recovery...
2021-12-23T08:41:04.687230Z 0 [System] [MY-010232] [Server] XA crash recovery finished.
2021-12-23T08:41:04.754612Z 0 [Warning] [MY-010068] [Server] CA certificate ca.pem is self signed.
2021-12-23T08:41:04.755529Z 0 [System] [MY-013602] [Server] Channel mysql_main configured to support TLS. Encrypted connections are now supported for this channel.
2021-12-23T08:41:04.827748Z 0 [System] [MY-010931] [Server] C:\UniServerZ\schule\core\mysql\bin\mysqld_z.exe: ready for connections. Version: '8.0.23'  socket: ''  port: 3306  MySQL Community Server - GPL.
2021-12-23T08:41:23.485836Z 0 [System] [MY-010116] [Server] C:\UniServerZ\schule\core\mysql\bin\mysqld_z.exe (mysqld 8.0.23) starting as process 18464
2021-12-23T08:41:23.487345Z 0 [Warning] [MY-013242] [Server] --character-set-server: 'utf8' is currently an alias for the character set UTF8MB3, but will be an alias for UTF8MB4 in a future release. Please consider using UTF8MB4 in order to be unambiguous.
2021-12-23T08:41:23.507695Z 1 [System] [MY-013576] [InnoDB] InnoDB initialization has started.
2021-12-23T08:41:24.736281Z 1 [System] [MY-013577] [InnoDB] InnoDB initialization has ended.
2021-12-23T08:41:24.985346Z 0 [System] [MY-011323] [Server] X Plugin ready for connections. Bind-address: '::' port: 33060
2021-12-23T08:41:25.062470Z 0 [System] [MY-010229] [Server] Starting XA crash recovery...
2021-12-23T08:41:25.067327Z 0 [System] [MY-010232] [Server] XA crash recovery finished.
2021-12-23T08:41:25.119023Z 0 [Warning] [MY-010068] [Server] CA certificate ca.pem is self signed.
2021-12-23T08:41:25.121146Z 0 [System] [MY-013602] [Server] Channel mysql_main configured to support TLS. Encrypted connections are now supported for this channel.
2022-01-17T06:09:57.581420Z 0 [System] [MY-010116] [Server] C:\UniServerZ\core\mysql\bin\mysqld_z.exe (mysqld 8.0.23) starting as process 13424
2022-01-17T06:09:57.612221Z 0 [Warning] [MY-013242] [Server] --character-set-server: 'utf8' is currently an alias for the character set UTF8MB3, but will be an alias for UTF8MB4 in a future release. Please consider using UTF8MB4 in order to be unambiguous.
2022-01-17T06:09:57.711723Z 1 [System] [MY-013576] [InnoDB] InnoDB initialization has started.
2022-01-17T06:09:58.902885Z 1 [System] [MY-013577] [InnoDB] InnoDB initialization has ended.
2022-01-17T06:09:59.271251Z 0 [System] [MY-011323] [Server] X Plugin ready for connections. Bind-address: '::' port: 33060
2022-01-17T06:09:59.412853Z 0 [System] [MY-010229] [Server] Starting XA crash recovery...
2022-01-17T06:09:59.419387Z 0 [System] [MY-010232] [Server] XA crash recovery finished.
2022-01-17T06:09:59.531262Z 0 [Warning] [MY-010068] [Server] CA certificate ca.pem is self signed.
2022-01-17T06:09:59.532089Z 0 [System] [MY-013602] [Server] Channel mysql_main configured to support TLS. Encrypted connections are now supported for this channel.
2022-01-17T06:09:59.625420Z 0 [System] [MY-010931] [Server] C:\UniServerZ\core\mysql\bin\mysqld_z.exe: ready for connections. Version: '8.0.23'  socket: ''  port: 3306  MySQL Community Server - GPL.
2022-01-17T06:10:10.391247Z 0 [System] [MY-010116] [Server] C:\UniServerZ\core\mysql\bin\mysqld_z.exe (mysqld 8.0.23) starting as process 10344
2022-01-17T06:10:10.394653Z 0 [Warning] [MY-013242] [Server] --character-set-server: 'utf8' is currently an alias for the character set UTF8MB3, but will be an alias for UTF8MB4 in a future release. Please consider using UTF8MB4 in order to be unambiguous.
2022-01-17T06:10:10.446153Z 1 [System] [MY-013576] [InnoDB] InnoDB initialization has started.
2022-01-17T06:10:11.662449Z 1 [System] [MY-013577] [InnoDB] InnoDB initialization has ended.
2022-01-17T06:10:12.003575Z 0 [System] [MY-011323] [Server] X Plugin ready for connections. Bind-address: '::' port: 33060
2022-01-17T06:10:12.142158Z 0 [System] [MY-010229] [Server] Starting XA crash recovery...
2022-01-17T06:10:12.150843Z 0 [System] [MY-010232] [Server] XA crash recovery finished.
2022-01-17T06:10:12.202656Z 0 [Warning] [MY-010068] [Server] CA certificate ca.pem is self signed.
2022-01-17T06:10:12.203729Z 0 [System] [MY-013602] [Server] Channel mysql_main configured to support TLS. Encrypted connections are now supported for this channel.
2022-01-17T06:10:12.277246Z 0 [System] [MY-010931] [Server] C:\UniServerZ\core\mysql\bin\mysqld_z.exe: ready for connections. Version: '8.0.23'  socket: ''  port: 3306  MySQL Community Server - GPL.
2022-01-17T06:10:12.566172Z 8 [System] [MY-013172] [Server] Received SHUTDOWN from user root. Shutting down mysqld (Version: 8.0.23).
2022-01-17T06:10:12.571801Z 0 [System] [MY-013105] [Server] C:\UniServerZ\core\mysql\bin\mysqld_z.exe: Normal shutdown.
2022-01-17T06:10:13.112678Z 0 [System] [MY-010910] [Server] C:\UniServerZ\core\mysql\bin\mysqld_z.exe: Shutdown complete (mysqld 8.0.23)  MySQL Community Server - GPL.
2022-01-17T06:10:19.285147Z 0 [System] [MY-010116] [Server] C:\UniServerZ\core\mysql\bin\mysqld_z.exe (mysqld 8.0.23) starting as process 4624
2022-01-17T06:10:19.287152Z 0 [Warning] [MY-013242] [Server] --character-set-server: 'utf8' is currently an alias for the character set UTF8MB3, but will be an alias for UTF8MB4 in a future release. Please consider using UTF8MB4 in order to be unambiguous.
2022-01-17T06:10:19.306032Z 1 [System] [MY-013576] [InnoDB] InnoDB initialization has started.
2022-01-17T06:10:19.874803Z 1 [System] [MY-013577] [InnoDB] InnoDB initialization has ended.
2022-01-17T06:10:20.194123Z 0 [System] [MY-011323] [Server] X Plugin ready for connections. Bind-address: '::' port: 33060
2022-01-17T06:10:20.399547Z 0 [Warning] [MY-010068] [Server] CA certificate ca.pem is self signed.
2022-01-17T06:10:20.400329Z 0 [System] [MY-013602] [Server] Channel mysql_main configured to support TLS. Encrypted connections are now supported for this channel.
2022-01-17T06:10:20.482811Z 0 [System] [MY-010931] [Server] C:\UniServerZ\core\mysql\bin\mysqld_z.exe: ready for connections. Version: '8.0.23'  socket: ''  port: 3306  MySQL Community Server - GPL.
2022-01-17T06:11:23.961392Z 8 [System] [MY-013172] [Server] Received SHUTDOWN from user root. Shutting down mysqld (Version: 8.0.23).
2022-01-17T06:11:23.962231Z 0 [System] [MY-013105] [Server] C:\UniServerZ\core\mysql\bin\mysqld_z.exe: Normal shutdown.
2022-01-17T06:11:24.921849Z 0 [System] [MY-010910] [Server] C:\UniServerZ\core\mysql\bin\mysqld_z.exe: Shutdown complete (mysqld 8.0.23)  MySQL Community Server - GPL.
2022-01-17T06:15:42.112808Z 0 [System] [MY-010116] [Server] C:\UniServerZ\core\mysql\bin\mysqld_z.exe (mysqld 8.0.23) starting as process 27312
2022-01-17T06:15:42.115337Z 0 [Warning] [MY-013242] [Server] --character-set-server: 'utf8' is currently an alias for the character set UTF8MB3, but will be an alias for UTF8MB4 in a future release. Please consider using UTF8MB4 in order to be unambiguous.
2022-01-17T06:15:42.142332Z 1 [System] [MY-013576] [InnoDB] InnoDB initialization has started.
2022-01-17T06:15:42.769902Z 1 [System] [MY-013577] [InnoDB] InnoDB initialization has ended.
2022-01-17T06:15:43.089180Z 0 [System] [MY-011323] [Server] X Plugin ready for connections. Bind-address: '::' port: 33060
2022-01-17T06:15:43.272651Z 0 [Warning] [MY-010068] [Server] CA certificate ca.pem is self signed.
2022-01-17T06:15:43.273615Z 0 [System] [MY-013602] [Server] Channel mysql_main configured to support TLS. Encrypted connections are now supported for this channel.
2022-01-17T06:15:43.362577Z 0 [System] [MY-010931] [Server] C:\UniServerZ\core\mysql\bin\mysqld_z.exe: ready for connections. Version: '8.0.23'  socket: ''  port: 3306  MySQL Community Server - GPL.
2022-01-17T06:17:04.162444Z 0 [System] [MY-010116] [Server] C:\UniServerZ\core\mysql\bin\mysqld_z.exe (mysqld 8.0.23) starting as process 8288
2022-01-17T06:17:04.164244Z 0 [Warning] [MY-013242] [Server] --character-set-server: 'utf8' is currently an alias for the character set UTF8MB3, but will be an alias for UTF8MB4 in a future release. Please consider using UTF8MB4 in order to be unambiguous.
2022-01-17T06:17:04.192189Z 1 [System] [MY-013576] [InnoDB] InnoDB initialization has started.
2022-01-17T06:17:05.057275Z 1 [System] [MY-013577] [InnoDB] InnoDB initialization has ended.
2022-01-17T06:17:05.358344Z 0 [System] [MY-011323] [Server] X Plugin ready for connections. Bind-address: '::' port: 33060
2022-01-17T06:17:05.501642Z 0 [System] [MY-010229] [Server] Starting XA crash recovery...
2022-01-17T06:17:05.507906Z 0 [System] [MY-010232] [Server] XA crash recovery finished.
2022-01-17T06:17:05.548032Z 0 [Warning] [MY-010068] [Server] CA certificate ca.pem is self signed.
2022-01-17T06:17:05.548945Z 0 [System] [MY-013602] [Server] Channel mysql_main configured to support TLS. Encrypted connections are now supported for this channel.
